{
  "stats": {
    "suites": 13,
    "tests": 34,
    "passes": 29,
    "pending": 5,
    "failures": 0,
    "start": "2023-06-05T18:10:03.698Z",
    "end": "2023-06-05T18:10:13.845Z",
    "duration": 10147,
    "testsRegistered": 34,
    "passPercent": 100,
    "pendingPercent": 14.705882352941178,
    "other": 0,
    "hasOther": false,
    "skipped": 0,
    "hasSkipped": false
  },
  "results": [
    {
      "uuid": "af02dac2-f9fc-484a-9a41-3216c70eda94",
      "title": "",
      "fullFile": "",
      "file": "",
      "beforeHooks": [],
      "afterHooks": [],
      "tests": [],
      "suites": [
        {
          "uuid": "dcf99ea1-2d81-4979-bc07-df6b62f52a9e",
          "title": "API test case suit",
          "fullFile": "E:\\nodejs\\TestCases\\test-cases\\api.spec.js",
          "file": "\\test-cases\\api.spec.js",
          "beforeHooks": [],
          "afterHooks": [],
          "tests": [
            {
              "title": "get user from API Test",
              "fullTitle": "API test case suit get user from API Test",
              "timedOut": false,
              "duration": 23,
              "state": "passed",
              "speed": "fast",
              "pass": true,
              "fail": false,
              "pending": false,
              "context": null,
              "code": "chai.request(server)  //request URL is from server(from which server)\n.get('/user')  //providing URL\n.end((err, response)=>{\n    expect(response.status).to.be.equal(200)   //status should be equal to 200. Because We have set 200 at a user Controller \n    //expect(response.status).to.be.equal(210); //it fails the test coz it didnt matched with the status that we have mentioned in the user.controller (which is 200 )\n\n\n    //checking all the keys comming from \"response.body\" from  the user route( get method)\n         /*     //from the response og the get method data looks like :\n                {\n                    \"statusText\": \"success\",\n                    \"data\": {\n                    \"list\": \"Hello\"\n                    }\n                } */\n    expect(response.body).to.have.all.keys('data', 'statusText');  \n    //expect(response.body).to.have.all.keys('data', 'statusText' , 'random'); //it fails because random is not in the reponse body   \n    done();\n});",
              "err": {},
              "uuid": "7f3be402-066f-4e9e-83a3-6d12f97d8b6d",
              "parentUUID": "dcf99ea1-2d81-4979-bc07-df6b62f52a9e",
              "isHook": false,
              "skipped": false
            }
          ],
          "suites": [],
          "passes": [
            "7f3be402-066f-4e9e-83a3-6d12f97d8b6d"
          ],
          "failures": [],
          "pending": [],
          "skipped": [],
          "duration": 23,
          "root": false,
          "rootEmpty": false,
          "_timeout": 2000
        },
        {
          "uuid": "fe88b158-69d4-4387-93d3-f1d9634964ce",
          "title": "------------Aspect check------------",
          "fullFile": "E:\\nodejs\\TestCases\\test-cases\\chai.spec.js",
          "file": "\\test-cases\\chai.spec.js",
          "beforeHooks": [],
          "afterHooks": [],
          "tests": [
            {
              "title": "check string",
              "fullTitle": "------------Aspect check------------ check string",
              "timedOut": false,
              "duration": 0,
              "state": "passed",
              "speed": "fast",
              "pass": true,
              "fail": false,
              "pending": false,
              "context": null,
              "code": "assert.typeOf(userName, 'string');",
              "err": {},
              "uuid": "b3eeec9a-775d-472c-9324-28f9ad98429f",
              "parentUUID": "fe88b158-69d4-4387-93d3-f1d9634964ce",
              "isHook": false,
              "skipped": false
            },
            {
              "title": "equal match to the string ",
              "fullTitle": "------------Aspect check------------ equal match to the string ",
              "timedOut": false,
              "duration": 0,
              "state": "passed",
              "speed": "fast",
              "pass": true,
              "fail": false,
              "pending": false,
              "context": null,
              "code": "assert.equal(userName, 'Prabin Poudel');",
              "err": {},
              "uuid": "b0cff156-0811-483f-b7a8-8d4843a22f2d",
              "parentUUID": "fe88b158-69d4-4387-93d3-f1d9634964ce",
              "isHook": false,
              "skipped": false
            },
            {
              "title": "should match the length of the string",
              "fullTitle": "------------Aspect check------------ should match the length of the string",
              "timedOut": false,
              "duration": 1,
              "state": "passed",
              "speed": "fast",
              "pass": true,
              "fail": false,
              "pending": false,
              "context": null,
              "code": "assert.lengthOf(userName, 13);",
              "err": {},
              "uuid": "e9d19752-cd3b-4719-a46a-ab2f2015a8ca",
              "parentUUID": "fe88b158-69d4-4387-93d3-f1d9634964ce",
              "isHook": false,
              "skipped": false
            },
            {
              "title": "should match the length of mylist",
              "fullTitle": "------------Aspect check------------ should match the length of mylist",
              "timedOut": false,
              "duration": 0,
              "state": "passed",
              "speed": "fast",
              "pass": true,
              "fail": false,
              "pending": false,
              "context": null,
              "code": "assert.lengthOf(mylist.item, 2);",
              "err": {},
              "uuid": "71430b10-c4d1-4e31-b602-627172eaf007",
              "parentUUID": "fe88b158-69d4-4387-93d3-f1d9634964ce",
              "isHook": false,
              "skipped": false
            },
            {
              "title": "should match the length of mylist",
              "fullTitle": "------------Aspect check------------ should match the length of mylist",
              "timedOut": false,
              "duration": 0,
              "state": "pending",
              "speed": null,
              "pass": false,
              "fail": false,
              "pending": true,
              "context": null,
              "code": "",
              "err": {},
              "uuid": "7c1a53fc-bfb8-413c-b34d-1be7cc39ba1a",
              "parentUUID": "fe88b158-69d4-4387-93d3-f1d9634964ce",
              "isHook": false,
              "skipped": false
            }
          ],
          "suites": [],
          "passes": [
            "b3eeec9a-775d-472c-9324-28f9ad98429f",
            "b0cff156-0811-483f-b7a8-8d4843a22f2d",
            "e9d19752-cd3b-4719-a46a-ab2f2015a8ca",
            "71430b10-c4d1-4e31-b602-627172eaf007"
          ],
          "failures": [],
          "pending": [
            "7c1a53fc-bfb8-413c-b34d-1be7cc39ba1a"
          ],
          "skipped": [],
          "duration": 1,
          "root": false,
          "rootEmpty": false,
          "_timeout": 2000
        },
        {
          "uuid": "d567f0e1-f3ee-44ec-9527-b4b471e827c1",
          "title": "------------Example to show in test report that coz of .skip its still pending to test ------------",
          "fullFile": "E:\\nodejs\\TestCases\\test-cases\\chai.spec.js",
          "file": "\\test-cases\\chai.spec.js",
          "beforeHooks": [],
          "afterHooks": [],
          "tests": [
            {
              "title": "check string",
              "fullTitle": "------------Example to show in test report that coz of .skip its still pending to test ------------ check string",
              "timedOut": false,
              "duration": 0,
              "state": "pending",
              "speed": null,
              "pass": false,
              "fail": false,
              "pending": true,
              "context": null,
              "code": "",
              "err": {},
              "uuid": "39f661a0-c883-4136-99c2-380f33aa33ee",
              "parentUUID": "d567f0e1-f3ee-44ec-9527-b4b471e827c1",
              "isHook": false,
              "skipped": false
            },
            {
              "title": "equal match to the string ",
              "fullTitle": "------------Example to show in test report that coz of .skip its still pending to test ------------ equal match to the string ",
              "timedOut": false,
              "duration": 0,
              "state": "pending",
              "speed": null,
              "pass": false,
              "fail": false,
              "pending": true,
              "context": null,
              "code": "",
              "err": {},
              "uuid": "c2da3e35-4e72-42ff-9c69-7563e60f42e0",
              "parentUUID": "d567f0e1-f3ee-44ec-9527-b4b471e827c1",
              "isHook": false,
              "skipped": false
            },
            {
              "title": "should match the length of the string",
              "fullTitle": "------------Example to show in test report that coz of .skip its still pending to test ------------ should match the length of the string",
              "timedOut": false,
              "duration": 0,
              "state": "pending",
              "speed": null,
              "pass": false,
              "fail": false,
              "pending": true,
              "context": null,
              "code": "",
              "err": {},
              "uuid": "0ac6c58f-00de-4ab8-9237-998d3ead9eb7",
              "parentUUID": "d567f0e1-f3ee-44ec-9527-b4b471e827c1",
              "isHook": false,
              "skipped": false
            },
            {
              "title": "should match the length of mylist",
              "fullTitle": "------------Example to show in test report that coz of .skip its still pending to test ------------ should match the length of mylist",
              "timedOut": false,
              "duration": 0,
              "state": "pending",
              "speed": null,
              "pass": false,
              "fail": false,
              "pending": true,
              "context": null,
              "code": "",
              "err": {},
              "uuid": "0381a1d0-5e26-470c-a5e5-9211dd051087",
              "parentUUID": "d567f0e1-f3ee-44ec-9527-b4b471e827c1",
              "isHook": false,
              "skipped": false
            }
          ],
          "suites": [],
          "passes": [],
          "failures": [],
          "pending": [
            "39f661a0-c883-4136-99c2-380f33aa33ee",
            "c2da3e35-4e72-42ff-9c69-7563e60f42e0",
            "0ac6c58f-00de-4ab8-9237-998d3ead9eb7",
            "0381a1d0-5e26-470c-a5e5-9211dd051087"
          ],
          "skipped": [],
          "duration": 0,
          "root": false,
          "rootEmpty": false,
          "_timeout": 2000
        },
        {
          "uuid": "9eb28918-12eb-4f37-ae6e-210832cc71ba",
          "title": "should check",
          "fullFile": "E:\\nodejs\\TestCases\\test-cases\\chai.spec.js",
          "file": "\\test-cases\\chai.spec.js",
          "beforeHooks": [],
          "afterHooks": [],
          "tests": [
            {
              "title": "check string",
              "fullTitle": "should check check string",
              "timedOut": false,
              "duration": 1,
              "state": "passed",
              "speed": "fast",
              "pass": true,
              "fail": false,
              "pending": false,
              "context": null,
              "code": "userName.should.be.a('string');",
              "err": {},
              "uuid": "6241e5fa-2f1e-4883-9ab3-7e8a9b30e729",
              "parentUUID": "9eb28918-12eb-4f37-ae6e-210832cc71ba",
              "isHook": false,
              "skipped": false
            },
            {
              "title": "equal check",
              "fullTitle": "should check equal check",
              "timedOut": false,
              "duration": 0,
              "state": "passed",
              "speed": "fast",
              "pass": true,
              "fail": false,
              "pending": false,
              "context": null,
              "code": "userName.should.equal('PRabinPoudel');",
              "err": {},
              "uuid": "523c9559-8c58-4555-8d54-f1d31092e620",
              "parentUUID": "9eb28918-12eb-4f37-ae6e-210832cc71ba",
              "isHook": false,
              "skipped": false
            },
            {
              "title": "length check",
              "fullTitle": "should check length check",
              "timedOut": false,
              "duration": 1,
              "state": "passed",
              "speed": "fast",
              "pass": true,
              "fail": false,
              "pending": false,
              "context": null,
              "code": "mylist.should.have.property('item').with.lengthOf(2);",
              "err": {},
              "uuid": "efc42f4f-96e4-4542-bc9d-7d3e09ea60bd",
              "parentUUID": "9eb28918-12eb-4f37-ae6e-210832cc71ba",
              "isHook": false,
              "skipped": false
            }
          ],
          "suites": [],
          "passes": [
            "6241e5fa-2f1e-4883-9ab3-7e8a9b30e729",
            "523c9559-8c58-4555-8d54-f1d31092e620",
            "efc42f4f-96e4-4542-bc9d-7d3e09ea60bd"
          ],
          "failures": [],
          "pending": [],
          "skipped": [],
          "duration": 2,
          "root": false,
          "rootEmpty": false,
          "_timeout": 2000
        },
        {
          "uuid": "75a92bca-019a-4d9f-a5be-69c88ee41b41",
          "title": "check expect",
          "fullFile": "E:\\nodejs\\TestCases\\test-cases\\chai.spec.js",
          "file": "\\test-cases\\chai.spec.js",
          "beforeHooks": [],
          "afterHooks": [],
          "tests": [
            {
              "title": "string match",
              "fullTitle": "check expect string match",
              "timedOut": false,
              "duration": 0,
              "state": "passed",
              "speed": "fast",
              "pass": true,
              "fail": false,
              "pending": false,
              "context": null,
              "code": "expect(userName).to.be.a('string');",
              "err": {},
              "uuid": "8548bd2c-2eb7-4aad-a50f-83659619e157",
              "parentUUID": "75a92bca-019a-4d9f-a5be-69c88ee41b41",
              "isHook": false,
              "skipped": false
            },
            {
              "title": "equal check",
              "fullTitle": "check expect equal check",
              "timedOut": false,
              "duration": 1,
              "state": "passed",
              "speed": "fast",
              "pass": true,
              "fail": false,
              "pending": false,
              "context": null,
              "code": "expect(userName).to.equal('PRabinPoudel')",
              "err": {},
              "uuid": "63dba9b5-596a-4804-98ab-070a31fd0a87",
              "parentUUID": "75a92bca-019a-4d9f-a5be-69c88ee41b41",
              "isHook": false,
              "skipped": false
            },
            {
              "title": "length check",
              "fullTitle": "check expect length check",
              "timedOut": false,
              "duration": 0,
              "state": "passed",
              "speed": "fast",
              "pass": true,
              "fail": false,
              "pending": false,
              "context": null,
              "code": "expect(userName).to.lengthOf(12);",
              "err": {},
              "uuid": "d56bd1bd-e823-4c14-b8b9-a9d6a2773898",
              "parentUUID": "75a92bca-019a-4d9f-a5be-69c88ee41b41",
              "isHook": false,
              "skipped": false
            },
            {
              "title": "api object match",
              "fullTitle": "check expect api object match",
              "timedOut": false,
              "duration": 0,
              "state": "passed",
              "speed": "fast",
              "pass": true,
              "fail": false,
              "pending": false,
              "context": null,
              "code": "expect(mylist).to.have.all.keys('item', 'title');\n       //for example we are giving an extra \"hello\" key which is not present while defining the object.So, this throws error\n    //expect(mylist).to.have.all.keys('item', 'title', 'hello');",
              "err": {},
              "uuid": "c9c327f7-ac94-48ef-87ba-d6bfdf0af528",
              "parentUUID": "75a92bca-019a-4d9f-a5be-69c88ee41b41",
              "isHook": false,
              "skipped": false
            }
          ],
          "suites": [],
          "passes": [
            "8548bd2c-2eb7-4aad-a50f-83659619e157",
            "63dba9b5-596a-4804-98ab-070a31fd0a87",
            "d56bd1bd-e823-4c14-b8b9-a9d6a2773898",
            "c9c327f7-ac94-48ef-87ba-d6bfdf0af528"
          ],
          "failures": [],
          "pending": [],
          "skipped": [],
          "duration": 1,
          "root": false,
          "rootEmpty": false,
          "_timeout": 2000
        },
        {
          "uuid": "333581b6-d6fc-40c6-a9f1-fff885d9281e",
          "title": "checking complex object",
          "fullFile": "E:\\nodejs\\TestCases\\test-cases\\chai.spec.js",
          "file": "\\test-cases\\chai.spec.js",
          "beforeHooks": [],
          "afterHooks": [],
          "tests": [
            {
              "title": "object match",
              "fullTitle": "checking complex object object match",
              "timedOut": false,
              "duration": 1,
              "state": "passed",
              "speed": "fast",
              "pass": true,
              "fail": false,
              "pending": false,
              "context": null,
              "code": "expect(myNewList).to.have.all.keys('item','title','address');",
              "err": {},
              "uuid": "33552be1-96f4-49f4-ba34-5f49f47b4822",
              "parentUUID": "333581b6-d6fc-40c6-a9f1-fff885d9281e",
              "isHook": false,
              "skipped": false
            },
            {
              "title": "phone Number checking",
              "fullTitle": "checking complex object phone Number checking",
              "timedOut": false,
              "duration": 1,
              "state": "passed",
              "speed": "fast",
              "pass": true,
              "fail": false,
              "pending": false,
              "context": null,
              "code": "expect(myNewList).to.have.nested.property('address.phoneNumber[0]');   // phoneNumber[1] => if it exceeds from 1 then,  \n                                        // it throws error coz we have only phoneNumbers till index 1    => if given phoneNumber[0] it will be fine too",
              "err": {},
              "uuid": "250a8e5d-753a-4427-8317-006cec3829b9",
              "parentUUID": "333581b6-d6fc-40c6-a9f1-fff885d9281e",
              "isHook": false,
              "skipped": false
            },
            {
              "title": "Country name checking",
              "fullTitle": "checking complex object Country name checking",
              "timedOut": false,
              "duration": 1,
              "state": "passed",
              "speed": "fast",
              "pass": true,
              "fail": false,
              "pending": false,
              "context": null,
              "code": "expect(myNewList).to.have.nested.include({'address.country' : \"Nepal\"});",
              "err": {},
              "uuid": "155d0e74-3ff4-4e8e-b333-f12e7b354839",
              "parentUUID": "333581b6-d6fc-40c6-a9f1-fff885d9281e",
              "isHook": false,
              "skipped": false
            },
            {
              "title": "Phone Number match ",
              "fullTitle": "checking complex object Phone Number match ",
              "timedOut": false,
              "duration": 1,
              "state": "passed",
              "speed": "fast",
              "pass": true,
              "fail": false,
              "pending": false,
              "context": null,
              "code": "expect(myNewList).to.have.nested.include({'address.phoneNumber[1]' : \"89898989898\"});",
              "err": {},
              "uuid": "801d5507-bdc1-4687-8130-41d45071ad2e",
              "parentUUID": "333581b6-d6fc-40c6-a9f1-fff885d9281e",
              "isHook": false,
              "skipped": false
            },
            {
              "title": "check title to be a string",
              "fullTitle": "checking complex object check title to be a string",
              "timedOut": false,
              "duration": 0,
              "state": "passed",
              "speed": "fast",
              "pass": true,
              "fail": false,
              "pending": false,
              "context": null,
              "code": "expect(myNewList).to.have.nested.property('title').to.be.a('string');",
              "err": {},
              "uuid": "626be7b1-235b-4655-b8f2-af3363338f93",
              "parentUUID": "333581b6-d6fc-40c6-a9f1-fff885d9281e",
              "isHook": false,
              "skipped": false
            }
          ],
          "suites": [],
          "passes": [
            "33552be1-96f4-49f4-ba34-5f49f47b4822",
            "250a8e5d-753a-4427-8317-006cec3829b9",
            "155d0e74-3ff4-4e8e-b333-f12e7b354839",
            "801d5507-bdc1-4687-8130-41d45071ad2e",
            "626be7b1-235b-4655-b8f2-af3363338f93"
          ],
          "failures": [],
          "pending": [],
          "skipped": [],
          "duration": 4,
          "root": false,
          "rootEmpty": false,
          "_timeout": 2000
        },
        {
          "uuid": "1b661dae-590f-404a-b5c7-b0b72e72c882",
          "title": "-----Hooks test Suit----",
          "fullFile": "E:\\nodejs\\TestCases\\test-cases\\hook.spec.js",
          "file": "\\test-cases\\hook.spec.js",
          "beforeHooks": [
            {
              "title": "\"before all\" hook in \"-----Hooks test Suit----\"",
              "fullTitle": "-----Hooks test Suit---- \"before all\" hook in \"-----Hooks test Suit----\"",
              "timedOut": false,
              "duration": 0,
              "state": null,
              "speed": null,
              "pass": false,
              "fail": false,
              "pending": false,
              "context": null,
              "code": "// this function will run at the very begining before executing any test cases in this file. \n        console.log('****Before the test case****')",
              "err": {},
              "uuid": "a74c062b-8a0a-40df-847c-03a3b1bc1932",
              "parentUUID": "1b661dae-590f-404a-b5c7-b0b72e72c882",
              "isHook": true,
              "skipped": false
            },
            {
              "title": "\"before each\" hook in \"-----Hooks test Suit----\"",
              "fullTitle": "-----Hooks test Suit---- \"before each\" hook in \"-----Hooks test Suit----\"",
              "timedOut": false,
              "duration": 0,
              "state": null,
              "speed": null,
              "pass": false,
              "fail": false,
              "pending": false,
              "context": null,
              "code": "//this function will run before each of the test cases will get executed.\n         console.log('****Before each test case****')\n        sinon.restore(); /* intead of using spy.restore(), \n        //sinon.restore() will restore all the different types of wrapper created using spy, mock, stub etc... Everything will be restored by sinon.restore() */",
              "err": {},
              "uuid": "87962354-5fed-4bde-ae3b-ece20438379f",
              "parentUUID": "1b661dae-590f-404a-b5c7-b0b72e72c882",
              "isHook": true,
              "skipped": false
            }
          ],
          "afterHooks": [
            {
              "title": "\"after all\" hook in \"-----Hooks test Suit----\"",
              "fullTitle": "-----Hooks test Suit---- \"after all\" hook in \"-----Hooks test Suit----\"",
              "timedOut": false,
              "duration": 0,
              "state": null,
              "speed": null,
              "pass": false,
              "fail": false,
              "pending": false,
              "context": null,
              "code": "// this function will run after all the rest cases gets executed in this file.\n        console.log('****After the test case****')",
              "err": {},
              "uuid": "c88410ea-b88c-4057-8bd2-e6b720b73666",
              "parentUUID": "1b661dae-590f-404a-b5c7-b0b72e72c882",
              "isHook": true,
              "skipped": false
            },
            {
              "title": "\"after each\" hook in \"-----Hooks test Suit----\"",
              "fullTitle": "-----Hooks test Suit---- \"after each\" hook in \"-----Hooks test Suit----\"",
              "timedOut": false,
              "duration": 0,
              "state": null,
              "speed": null,
              "pass": false,
              "fail": false,
              "pending": false,
              "context": null,
              "code": "//this funtion will run after each of the test cases gets executed.\n        console.log('****After each test case****')",
              "err": {},
              "uuid": "4d3ad382-65b8-469b-be95-228e9ff3921a",
              "parentUUID": "1b661dae-590f-404a-b5c7-b0b72e72c882",
              "isHook": true,
              "skipped": false
            }
          ],
          "tests": [],
          "suites": [
            {
              "uuid": "9b7d1161-8ad5-4fd5-8bbe-77a7cab31918",
              "title": "---------Spy------------",
              "fullFile": "E:\\nodejs\\TestCases\\test-cases\\hook.spec.js",
              "file": "\\test-cases\\hook.spec.js",
              "beforeHooks": [],
              "afterHooks": [],
              "tests": [
                {
                  "title": "function return check",
                  "fullTitle": "-----Hooks test Suit---- ---------Spy------------ function return check",
                  "timedOut": false,
                  "duration": 1,
                  "state": "passed",
                  "speed": "fast",
                  "pass": true,
                  "fail": false,
                  "pending": false,
                  "context": null,
                  "code": "expect(studentObj.userId()).to.be.equal(12);",
                  "err": {},
                  "uuid": "fcf09b44-0440-4d88-ae37-02dd828dca02",
                  "parentUUID": "9b7d1161-8ad5-4fd5-8bbe-77a7cab31918",
                  "isHook": false,
                  "skipped": false
                },
                {
                  "title": "function arguments check",
                  "fullTitle": "-----Hooks test Suit---- ---------Spy------------ function arguments check",
                  "timedOut": false,
                  "duration": 2,
                  "state": "passed",
                  "speed": "fast",
                  "pass": true,
                  "fail": false,
                  "pending": false,
                  "context": null,
                  "code": "var spyObj =  sinon.spy(studentObj, 'getInfo');  \n            studentObj.home(5); \n            expect(spyObj.calledWith(5,1)).to.be.true;   \n        /* \n            spy.restore();  //in the below code.. its a copy of this function .. \n            so if we dont restore it, then it throws Typeerror(says already wrapped the same 'getInfo' method).\n            So we must use restore() to restore it to use it the same method again . But its tedious to use this spy.restore() everywhere everytime. \n            So, for that we have better provision to use hooks. either in beforeEach() or afterEach() we can declare restore() there. Look above in beforeEach()\n        */",
                  "err": {},
                  "uuid": "6125140b-2de0-4e4f-86ea-6108bfd4f50f",
                  "parentUUID": "9b7d1161-8ad5-4fd5-8bbe-77a7cab31918",
                  "isHook": false,
                  "skipped": false
                },
                {
                  "title": "copy function arguments check of the above",
                  "fullTitle": "-----Hooks test Suit---- ---------Spy------------ copy function arguments check of the above",
                  "timedOut": false,
                  "duration": 0,
                  "state": "passed",
                  "speed": "fast",
                  "pass": true,
                  "fail": false,
                  "pending": false,
                  "context": null,
                  "code": "var spyObj =  sinon.spy(studentObj, 'getInfo');  \n            studentObj.home(5); \n            expect(spyObj.calledWith(5,1)).to.be.true;",
                  "err": {},
                  "uuid": "cebaf2b8-a07b-4c8a-a643-ce5f9ed91168",
                  "parentUUID": "9b7d1161-8ad5-4fd5-8bbe-77a7cab31918",
                  "isHook": false,
                  "skipped": false
                }
              ],
              "suites": [],
              "passes": [
                "fcf09b44-0440-4d88-ae37-02dd828dca02",
                "6125140b-2de0-4e4f-86ea-6108bfd4f50f",
                "cebaf2b8-a07b-4c8a-a643-ce5f9ed91168"
              ],
              "failures": [],
              "pending": [],
              "skipped": [],
              "duration": 3,
              "root": false,
              "rootEmpty": false,
              "_timeout": 2000
            }
          ],
          "passes": [],
          "failures": [],
          "pending": [],
          "skipped": [],
          "duration": 0,
          "root": false,
          "rootEmpty": false,
          "_timeout": 2000
        },
        {
          "uuid": "6d685696-a41c-464d-a433-b187dafe215e",
          "title": "---------Test suit for Mock------------",
          "fullFile": "E:\\nodejs\\TestCases\\test-cases\\mock.spec.js",
          "file": "\\test-cases\\mock.spec.js",
          "beforeHooks": [],
          "afterHooks": [],
          "tests": [
            {
              "title": "mock the sayHello method",
              "fullTitle": "---------Test suit for Mock------------ mock the sayHello method",
              "timedOut": false,
              "duration": 2,
              "state": "passed",
              "speed": "fast",
              "pass": true,
              "fail": false,
              "pending": false,
              "context": null,
              "code": "/* SayHello() method is independent with callingAnotherFn().So, callingAnotherFn() should be tested on its own irrespective of what is happening in SayHello() method\n    so SayHello() function can be ignored and testing becomes more faster.\n    when executing, the sayHello method in stub, the console get printed everytime. We need to ignore that function/by pass the function and mock method should be called  */\n    //creating a mock\n    var mock = sinon.mock(studentObj); //this statement will not change our actual object but will only create a wrapper around it. \n    var expection = mock.expects(\"sayHello\");//expection from mock is that, out of the \"studentObj\" object, mock should expect that sayHello method should be mocked \n    expection.exactly(1); // expectations should happen only once.\n    expection.withArgs(\"hello!! from the sayHello method\"); //it has been called with args => \"hello!! from the sayHello method\"\n    studentObj.callingAnotherFn(10,20); \n    mock.verify(); //at the end we need to verify all the expections\n    \n    // In the output,it has not printed the console part of the sayHello method. It has ignored it.",
              "err": {},
              "uuid": "3af25f96-c860-40df-b5de-0952b74499f1",
              "parentUUID": "6d685696-a41c-464d-a433-b187dafe215e",
              "isHook": false,
              "skipped": false
            },
            {
              "title": "count function call",
              "fullTitle": "---------Test suit for Mock------------ count function call",
              "timedOut": false,
              "duration": 1,
              "state": "passed",
              "speed": "fast",
              "pass": true,
              "fail": false,
              "pending": false,
              "context": null,
              "code": "//mock also can be used for how many times  the function is called and with what argument.\nvar mock = sinon.mock(studentObj);\nvar expect = mock.expects('getMarksFromExternal');    \nexpect.exactly(1);\nexpect.withArgs(40)   //argument is \"total\" here ..so, same argument shoukd be passed in finalMarksOfStudent() & getMarksFromExternal()\nstudentObj.finalMarksOfStudent(40);\nmock.verify();",
              "err": {},
              "uuid": "a7f0e963-e8bb-4d7a-9199-bc2e91d4b191",
              "parentUUID": "6d685696-a41c-464d-a433-b187dafe215e",
              "isHook": false,
              "skipped": false
            }
          ],
          "suites": [],
          "passes": [
            "3af25f96-c860-40df-b5de-0952b74499f1",
            "a7f0e963-e8bb-4d7a-9199-bc2e91d4b191"
          ],
          "failures": [],
          "pending": [],
          "skipped": [],
          "duration": 3,
          "root": false,
          "rootEmpty": false,
          "_timeout": 2000
        },
        {
          "uuid": "8be917c1-8b10-4ac3-9bb8-c60e3f50785a",
          "title": "--------------Test suit for Nock----------------",
          "fullFile": "E:\\nodejs\\TestCases\\test-cases\\nock.spec.js",
          "file": "\\test-cases\\nock.spec.js",
          "beforeHooks": [],
          "afterHooks": [],
          "tests": [
            {
              "title": "api test",
              "fullTitle": "--------------Test suit for Nock---------------- api test",
              "timedOut": false,
              "duration": 40,
              "state": "passed",
              "speed": "medium",
              "pass": true,
              "fail": false,
              "pending": false,
              "context": null,
              "code": "var obj = {status:\"ok\", statusCode:200, data: [\"hellooo\"]}\nconst apihit = nock('http://localhost/api')  //path of the API\n.get('/dummyApi')  //assuming this as base url \n.reply(200, obj);\nstudentObj.thirdPartyApi().then(function(record){  //anything getting from the record (from the function)\n    console.log(\"Consoled data :-\",record);\n    expect(record).to.be.eql(obj);  //should be equal to (match with) the obj that we haved defined above. \n    done(); //saying function that your work is done \n}).catch(error => {\n    done(new Error('error:' + error));\n})",
              "err": {},
              "uuid": "21318e8c-8813-45e9-970e-6a459be47456",
              "parentUUID": "8be917c1-8b10-4ac3-9bb8-c60e3f50785a",
              "isHook": false,
              "skipped": false
            }
          ],
          "suites": [],
          "passes": [
            "21318e8c-8813-45e9-970e-6a459be47456"
          ],
          "failures": [],
          "pending": [],
          "skipped": [],
          "duration": 40,
          "root": false,
          "rootEmpty": false,
          "_timeout": 2000
        },
        {
          "uuid": "5306d00a-5369-49b4-9ce6-3c83f04d9a4b",
          "title": "--------------Test suit for Promise-----------------",
          "fullFile": "E:\\nodejs\\TestCases\\test-cases\\promise.spec.js",
          "file": "\\test-cases\\promise.spec.js",
          "beforeHooks": [],
          "afterHooks": [],
          "tests": [
            {
              "title": "Promise test case with normal method",
              "fullTitle": "--------------Test suit for Promise----------------- Promise test case with normal method",
              "timedOut": false,
              "duration": 5013,
              "state": "passed",
              "speed": "slow",
              "pass": true,
              "fail": false,
              "pending": false,
              "context": null,
              "code": "// done is callback method, which keeps track of the completion of asynchronous call.\n                        //If done, callback is called even at a later point of time. At that point of time it will decide, whether a test case is succesfull or not  \n                        //(done keep track of time i.e how mucn it took time to run the test)\n      //this.timeout(6000); // Normally gives timeout after 2 seconds. It automatically fails the test cases after 2 sec. So, setting timeout to 6000ms and wait until that point ..if still not resolved/rejected it fails the test.\n      this.timeout(0); //better is to set as 0 ,this means it waits as long as promise is not resolved or rejected.\n      \n      studentObj.testPromise().then(function(result){\n        expect(result).to.be.equal(8);\n        //expect(false).to.be.false;  //its still passing the test cases.Because it is not tracking the completion of the promise.So using done(). (Not necessary to use this statement in code ..Just for knowledge) \n        \n        done();  \n      });",
              "err": {},
              "uuid": "90bfa6df-a8bb-4d83-92e3-a9a9c3f86987",
              "parentUUID": "5306d00a-5369-49b4-9ce6-3c83f04d9a4b",
              "isHook": false,
              "skipped": false
            },
            {
              "title": "Promise test case using library",
              "fullTitle": "--------------Test suit for Promise----------------- Promise test case using library",
              "timedOut": false,
              "duration": 5011,
              "state": "passed",
              "speed": "slow",
              "pass": true,
              "fail": false,
              "pending": false,
              "context": null,
              "code": "this.timeout(0);\nreturn expect(studentObj.testPromise()).to.eventually.equal(8);",
              "err": {},
              "uuid": "805ed78b-d0b0-4c3e-b14d-3ed0c30524fb",
              "parentUUID": "5306d00a-5369-49b4-9ce6-3c83f04d9a4b",
              "isHook": false,
              "skipped": false
            }
          ],
          "suites": [],
          "passes": [
            "90bfa6df-a8bb-4d83-92e3-a9a9c3f86987",
            "805ed78b-d0b0-4c3e-b14d-3ed0c30524fb"
          ],
          "failures": [],
          "pending": [],
          "skipped": [],
          "duration": 10024,
          "root": false,
          "rootEmpty": false,
          "_timeout": 2000
        },
        {
          "uuid": "4d4a375c-fb5d-4082-b272-2cda99a818f8",
          "title": "---------Spy------------",
          "fullFile": "E:\\nodejs\\TestCases\\test-cases\\spy.spec.js",
          "file": "\\test-cases\\spy.spec.js",
          "beforeHooks": [],
          "afterHooks": [],
          "tests": [
            {
              "title": "function return check",
              "fullTitle": "---------Spy------------ function return check",
              "timedOut": false,
              "duration": 0,
              "state": "passed",
              "speed": "fast",
              "pass": true,
              "fail": false,
              "pending": false,
              "context": null,
              "code": "expect(studentObj.userId()).to.be.equal(12);\n//expect(studentObj.userId()).to.be.equal(13);   //this throws error because we returned 12 in our student.controller in userId()\n                                                 // but we gave test cases, equal as 13",
              "err": {},
              "uuid": "73791018-1861-4dbf-93d1-17265da8ae79",
              "parentUUID": "4d4a375c-fb5d-4082-b272-2cda99a818f8",
              "isHook": false,
              "skipped": false
            },
            {
              "title": "function arguments check",
              "fullTitle": "---------Spy------------ function arguments check",
              "timedOut": false,
              "duration": 1,
              "state": "passed",
              "speed": "fast",
              "pass": true,
              "fail": false,
              "pending": false,
              "context": null,
              "code": "var spyObj =  sinon.spy(studentObj, 'getInfo');  //passing out object => studentObj. Inside this object,\n                                                      // we are checking for getInfo() so passing getInfo as second parameter\n        studentObj.home(5); \n        //expect(spyObj.calledOnce).to.be.true;   // function getInfo is called once so checking if it is called once or not. \n        expect(spyObj.calledWith(5,1)).to.be.true;   //Returns true if spy was called at least once with the provided arguments.\n                                                 //Can be used for partial matching, Sinon only checks the provided arguments \n                                                 //against actual arguments, so a call that received the provided \n                                                 //arguments (in the same spots) and possibly others as well will return true.",
              "err": {},
              "uuid": "125fdcf3-841c-47ed-ace1-8831175cb7bf",
              "parentUUID": "4d4a375c-fb5d-4082-b272-2cda99a818f8",
              "isHook": false,
              "skipped": false
            }
          ],
          "suites": [],
          "passes": [
            "73791018-1861-4dbf-93d1-17265da8ae79",
            "125fdcf3-841c-47ed-ace1-8831175cb7bf"
          ],
          "failures": [],
          "pending": [],
          "skipped": [],
          "duration": 1,
          "root": false,
          "rootEmpty": false,
          "_timeout": 2000
        },
        {
          "uuid": "90b7d9b1-d07d-4ad7-9ec1-ca2df9721ec5",
          "title": "---------Test suit for Stubs------------",
          "fullFile": "E:\\nodejs\\TestCases\\test-cases\\stub.spec.js",
          "file": "\\test-cases\\stub.spec.js",
          "beforeHooks": [],
          "afterHooks": [],
          "tests": [
            {
              "title": "stub the getMarksFromExternal method",
              "fullTitle": "---------Test suit for Stubs------------ stub the getMarksFromExternal method",
              "timedOut": false,
              "duration": 1,
              "state": "passed",
              "speed": "fast",
              "pass": true,
              "fail": false,
              "pending": false,
              "context": null,
              "code": "var stubObj = sinon.stub(studentObj, 'getMarksFromExternal'); //here we stubed getMarksFromExternal() function \nstubObj.withArgs(50).returns(10);   // we calling getMArksFromExternal(). If got 50 marks (in \"total\" argument) we are hoping, external teacher will return 10 marks \nexpect(studentObj.finalMarksOfStudent(50)).to.be.equal(50);     //if passed 50 marks in finalMarksOfStudent(50) , from return of this function ==> \n                                         //we hoped external will give 10 marks (from stubbed) + \n                                 // from getMarksFromInternal(total) we get 30  + 10",
              "err": {},
              "uuid": "cb0d7c37-8545-4a96-891f-50c43b5e9abe",
              "parentUUID": "90b7d9b1-d07d-4ad7-9ec1-ca2df9721ec5",
              "isHook": false,
              "skipped": false
            },
            {
              "title": "stub the add method",
              "fullTitle": "---------Test suit for Stubs------------ stub the add method",
              "timedOut": false,
              "duration": 4,
              "state": "passed",
              "speed": "fast",
              "pass": true,
              "fail": false,
              "pending": false,
              "context": null,
              "code": "var stub = sinon.stub(studentObj, \"add\");  //our function is still on student class, so passing its object and add method\n    /*   \n       //Normal method as above\nstub.withArgs(10,20).returns(100); //stubbed add method here     // when passed 10 & 20  it returns 100 instead of 30\nexpect(studentObj.callingAnotherFn(10,20)).to.be.equal(100);\n    */\n   \n       // adding more functionality on above code \n       stub.\n    withArgs(10,20)\n    .onFirstCall().returns(100)\n    .onSecondCall().returns(30);\n       expect(studentObj.callingAnotherFn(10,20)).to.be.equal(100);\n       expect(studentObj.callingAnotherFn(10,20)).to.be.equal(30);",
              "err": {},
              "uuid": "887ef7e5-e508-4d5d-9c5c-67676970e2d1",
              "parentUUID": "90b7d9b1-d07d-4ad7-9ec1-ca2df9721ec5",
              "isHook": false,
              "skipped": false
            }
          ],
          "suites": [],
          "passes": [
            "cb0d7c37-8545-4a96-891f-50c43b5e9abe",
            "887ef7e5-e508-4d5d-9c5c-67676970e2d1"
          ],
          "failures": [],
          "pending": [],
          "skipped": [],
          "duration": 5,
          "root": false,
          "rootEmpty": false,
          "_timeout": 2000
        }
      ],
      "passes": [],
      "failures": [],
      "pending": [],
      "skipped": [],
      "duration": 0,
      "root": true,
      "rootEmpty": true,
      "_timeout": 2000
    }
  ],
  "meta": {
    "mocha": {
      "version": "10.2.0"
    },
    "mochawesome": {
      "options": {
        "quiet": false,
        "reportFilename": "mochawesome",
        "saveHtml": true,
        "saveJson": true,
        "consoleReporter": "spec",
        "useInlineDiffs": false,
        "code": true
      },
      "version": "7.1.3"
    },
    "marge": {
      "options": {
        "reportDir": "TestCases_Report",
        "": true
      },
      "version": "6.2.0"
    }
  }
}