TN:
SF:controllers\student.controller.js
FN:5,(anonymous_0)
FN:10,(anonymous_1)
FN:15,(anonymous_2)
FN:19,(anonymous_3)
FN:27,(anonymous_4)
FN:36,(anonymous_5)
FN:41,(anonymous_6)
FN:47,(anonymous_7)
FN:51,(anonymous_8)
FN:57,(anonymous_9)
FN:66,(anonymous_10)
FN:67,(anonymous_11)
FN:68,(anonymous_12)
FN:69,(anonymous_13)
FN:75,(anonymous_14)
FN:76,(anonymous_15)
FN:78,(anonymous_16)
FN:80,(anonymous_17)
FNF:18
FNH:16
FNDA:6,(anonymous_0)
FNDA:3,(anonymous_1)
FNDA:2,(anonymous_2)
FNDA:3,(anonymous_3)
FNDA:2,(anonymous_4)
FNDA:0,(anonymous_5)
FNDA:2,(anonymous_6)
FNDA:2,(anonymous_7)
FNDA:1,(anonymous_8)
FNDA:3,(anonymous_9)
FNDA:2,(anonymous_10)
FNDA:2,(anonymous_11)
FNDA:2,(anonymous_12)
FNDA:2,(anonymous_13)
FNDA:1,(anonymous_14)
FNDA:1,(anonymous_15)
FNDA:1,(anonymous_16)
FNDA:0,(anonymous_17)
DA:1,1
DA:11,3
DA:12,3
DA:16,2
DA:20,3
DA:31,2
DA:32,2
DA:33,2
DA:34,2
DA:38,0
DA:43,2
DA:48,2
DA:53,1
DA:54,1
DA:58,3
DA:59,3
DA:60,3
DA:67,2
DA:68,2
DA:70,2
DA:76,1
DA:77,1
DA:79,1
DA:81,0
DA:88,1
LF:25
LH:23
BRF:0
BRH:0
end_of_record
TN:
SF:controllers\user.controller.js
FN:2,(anonymous_0)
FNF:1
FNH:1
FNDA:1,(anonymous_0)
DA:2,1
DA:3,1
DA:6,1
DA:15,1
LF:4
LH:4
BRF:0
BRH:0
end_of_record
